 Reserving general partition A  with:   14.0 Mwords (default)
 Reserving neutron partition B1 with:    4.0 Mwords (default)
 Reserving gamma   partition B2 with:    4.0 Mwords (default)
 Total allocation                   :   18.0 Mwords (A+B1)
 CASMO library identified as E6 0200 UPDATE D
 __________________________________________________________________________________________
 * C A S M O - 4E 1.00.02 REV:00 CREATED:2012/05/08 STUDSVIK * EXECUTED 2017/11/14 13:07:14

 This source code includes the following optional modules:
      1 - CASMO-4E (CASMO-4 Extended Version).
      2 - MxN extended multi-assembly module present.
      3 - Hexagonal module present.
      4 - CLU/AGR module present.
      5 - PSC Tiff/PostScript capability active.
      6 - Azimuthal depletion model present.
      7 - FSS/FSC model present.
      8 - Extra cards present.
      9 - Pn higher order scattering model present.
     10 - DIA Rotated water hole model present.
     11 - CCR Extended C.R. model present.

       LIST OF USER FILES
       ******************
 EXECUTABLE FILE               /cm/shared/apps/ncsu/CasmoSimulate/libexec/studsvik/casmo4e/casmo4e-u1.00.02/casmo4e.exe
 NEUTRON DATA LIBRARY FILE     /cm/shared/apps/ncsu/CasmoSimulate/lib/studsvik/casmo4e/e60200
 GAMMA DATA LIBRARY FILE       /cm/shared/apps/ncsu/CasmoSimulate/lib/studsvik/casmo4e/galb418
 INPUT FILE                    bottom_lattice.inp
 OUTPUT LIST FILE              ./bottom_lattice.out
 CARD IMAGE FILE (SEG1)        ./bottom_lattice.cax
 
 [WARNING] IN INP_PIN             CAN in a non-fuel pin detected -BOX is recommended for pin # 3
 [WARNING] IN EDTFTD              Non-default neutron data library is attached.

   ** C A S M O - 4E SUMMARY **

   
   HVOI=  0.0 HTFU= 1220.3 HTMO=  560.8 HTCO=  560.8 HBOR=    0.0
   NO VOID    TFU    TMO    TCO    BOR ROD   BURNUP   K-INF   K-INF     M2     PIN   U-235 FISS PU  TOT PU
                                             MWD/KG             TWO-GROUP     PEAK    WT %    WT %    WT %
    1  0.0 1220.3  560.8  560.8    0.0        0.000 0.84885 0.84879  63.94   1.194   0.710   0.000   0.000  
    2                                         0.100 0.82509 0.82490  63.33   1.199   0.699   0.005   0.005  
    3                                         0.500 0.84561 0.84542  63.02   1.211   0.656   0.043   0.045  
    4                                         1.000 0.86422 0.86403  62.72   1.220   0.610   0.085   0.091  
    5                                         1.500 0.87394 0.87374  62.46   1.224   0.570   0.119   0.132  
    6                                         2.000 0.87868 0.87847  62.24   1.224   0.534   0.148   0.167  
    7                                         2.500 0.88049 0.88026  62.04   1.223   0.501   0.172   0.199  
    8                                         3.000 0.88047 0.88022  61.87   1.221   0.470   0.193   0.228  
    9                                         3.500 0.87929 0.87901  61.72   1.218   0.442   0.211   0.255  
   10                                         4.000 0.87733 0.87703  61.58   1.215   0.416   0.227   0.280  
   11                                         4.500 0.87486 0.87454  61.45   1.212   0.392   0.242   0.304  
   12                                         5.000 0.87205 0.87171  61.34   1.209   0.370   0.255   0.326  
   13                                         5.500 0.86901 0.86864  61.23   1.206   0.349   0.267   0.346  
   14                                         6.000 0.86581 0.86541  61.13   1.203   0.329   0.277   0.366  
   15                                         6.500 0.86252 0.86210  61.04   1.200   0.311   0.287   0.385  
   16                                         7.000 0.85918 0.85873  60.95   1.198   0.293   0.296   0.402  
   17                                         7.500 0.85582 0.85534  60.87   1.195   0.277   0.304   0.419  
   18                                         8.000 0.85246 0.85196  60.79   1.193   0.262   0.312   0.435  
   19                                         8.500 0.84913 0.84860  60.72   1.191   0.247   0.319   0.450  
   20                                         9.000 0.84583 0.84528  60.65   1.189   0.234   0.325   0.465  
   21                                         9.500 0.84258 0.84200  60.58   1.188   0.221   0.331   0.479  
   22                                        10.000 0.83939 0.83878  60.52   1.187   0.209   0.337   0.492  
   23                                        10.500 0.83625 0.83562  60.46   1.185   0.197   0.342   0.505  
   24                                        11.000 0.83319 0.83253  60.40   1.184   0.186   0.347   0.518  
   25                                        11.500 0.83019 0.82951  60.34   1.183   0.176   0.351   0.530  
   26                                        12.000 0.82727 0.82657  60.28   1.183   0.167   0.355   0.542  
   27                                        12.500 0.82442 0.82369  60.23   1.182   0.158   0.359   0.553  
   28                                        13.000 0.82164 0.82089  60.18   1.182   0.149   0.363   0.564  
   29                                        13.500 0.81894 0.81817  60.13   1.181   0.141   0.366   0.574  
   30                                        14.000 0.81632 0.81552  60.08   1.181   0.133   0.370   0.584  
   31                                        14.500 0.81377 0.81295  60.04   1.181   0.126   0.373   0.594  
   32                                        15.000 0.81129 0.81045  59.99   1.181   0.119   0.376   0.604  
   33                                        15.500 0.80888 0.80802  59.95   1.181   0.113   0.379   0.613  
   34                                        16.000 0.80654 0.80567  59.91   1.181   0.107   0.381   0.622  
   35                                        16.500 0.80427 0.80338  59.86   1.181   0.101   0.384   0.631  
   36                                        17.000 0.80207 0.80116  59.82   1.181   0.096   0.386   0.640  
   37                                        17.500 0.79994 0.79900  59.79   1.181   0.091   0.389   0.648  
   38                                        18.000 0.79787 0.79692  59.75   1.181   0.086   0.391   0.656  
   39                                        18.500 0.79586 0.79489  59.71   1.182   0.081   0.393   0.664  
   40                                        19.000 0.79391 0.79293  59.68   1.182   0.077   0.395   0.672  
   41                                        19.500 0.79203 0.79103  59.64   1.182   0.073   0.397   0.679  
   42                                        20.000 0.79020 0.78918  59.61   1.183   0.069   0.399   0.687  
   43                                        20.500 0.78842 0.78739  59.57   1.183   0.065   0.400   0.694  
   44                                        21.000 0.78670 0.78566  59.54   1.183   0.062   0.402   0.701  
   45                                        21.500 0.78503 0.78397  59.51   1.184   0.059   0.404   0.707  
   46                                        22.000 0.78340 0.78233  59.48   1.184   0.056   0.405   0.714  
   47                                        22.500 0.78181 0.78073  59.45   1.184   0.053   0.407   0.721  
   48                                        23.000 0.78027 0.77917  59.42   1.185   0.050   0.408   0.727  
   49                                        23.500 0.77877 0.77766  59.40   1.185   0.047   0.410   0.733  
   50                                        24.000 0.77731 0.77619  59.37   1.186   0.045   0.411   0.739  
   51                                        24.500 0.77589 0.77475  59.34   1.186   0.043   0.412   0.745  
   52                                        25.000 0.77450 0.77335  59.32   1.186   0.040   0.413   0.751  
   53                                        25.500 0.77314 0.77198  59.29   1.187   0.038   0.415   0.757  
   54                                        26.000 0.77182 0.77065  59.27   1.187   0.036   0.416   0.763  
   55                                        26.500 0.77053 0.76935  59.24   1.188   0.034   0.417   0.768  
   56                                        27.000 0.76927 0.76808  59.22   1.188   0.033   0.418   0.774  
   57                                        27.500 0.76804 0.76684  59.20   1.188   0.031   0.419   0.779  
   58                                        28.000 0.76684 0.76563  59.17   1.189   0.029   0.420   0.784  
   59                                        28.500 0.76566 0.76444  59.15   1.189   0.028   0.421   0.789  
   60                                        29.000 0.76451 0.76328  59.13   1.189   0.027   0.422   0.794  
   61                                        29.500 0.76338 0.76214  59.11   1.189   0.025   0.423   0.799  
   62                                        30.000 0.76228 0.76103  59.09   1.190   0.024   0.424   0.804  


 RUN TERMINATED.  2  WARNING(S) ENCOUNTERED
   0  FATAL ERROR(S),     2  WARNING(S)
   0  USAGE NOTE(S),      0  CAUTION(S)


                   Neutron Calculation                         
 Memory Use        Allocated       Used                         
 A Array            14000000    4578097
 B Array             4000000     243205
                    --------    -------
 Total Words        18000000    4821302
 Total Mwords           18.0        4.8
 Total Mbytes           72.0       19.3

 Run Started     (Date,Time):  2017/11/14   13:07:14  
 Run Completed   (Date,Time):  2017/11/14   13:08:29  
 Total Wall Time Used       :               00:01:15
 Total CPU  Time Used       :               00:01:04   CPU Utilization:   85%
 Files:
 Input                      :  bottom_lattice.inp
 Output                     :  ./bottom_lattice.out
 Card Image                 :  ./bottom_lattice.cax
 *********************************
 *  CASMO-4E NORMAL TERMINATION  *
 *     -WARNINGS ENCOUNTERED-    *
 *********************************
C-4E Complete....
