 Reserving general partition A  with:   14.0 Mwords (default)
 Reserving neutron partition B1 with:    4.0 Mwords (default)
 Reserving gamma   partition B2 with:    4.0 Mwords (default)
 Total allocation                   :   18.0 Mwords (A+B1)
 CASMO library identified as E6 0200 UPDATE D
 __________________________________________________________________________________________
 * C A S M O - 4E 1.00.02 REV:00 CREATED:2012/05/08 STUDSVIK * EXECUTED 2017/11/17 13:59:05

 This source code includes the following optional modules:
      1 - CASMO-4E (CASMO-4 Extended Version).
      2 - MxN extended multi-assembly module present.
      3 - Hexagonal module present.
      4 - CLU/AGR module present.
      5 - PSC Tiff/PostScript capability active.
      6 - Azimuthal depletion model present.
      7 - FSS/FSC model present.
      8 - Extra cards present.
      9 - Pn higher order scattering model present.
     10 - DIA Rotated water hole model present.
     11 - CCR Extended C.R. model present.

       LIST OF USER FILES
       ******************
 EXECUTABLE FILE               /cm/shared/apps/ncsu/CasmoSimulate/libexec/studsvik/casmo4e/casmo4e-u1.00.02/casmo4e.exe
 NEUTRON DATA LIBRARY FILE     /cm/shared/apps/ncsu/CasmoSimulate/lib/studsvik/casmo4e/e60200
 GAMMA DATA LIBRARY FILE       /cm/shared/apps/ncsu/CasmoSimulate/lib/studsvik/casmo4e/galb418
 INPUT FILE                    lower_guide_assembly.inp
 OUTPUT LIST FILE              ./lower_guide_assembly.out
 CARD IMAGE FILE (SEG1)        ./lower_guide_assembly.cax
 
 [WARNING] IN INP_PIN             CAN in a non-fuel pin detected -BOX is recommended for pin # 3
 [WARNING] IN EDTFTD              Non-default neutron data library is attached.

   ** C A S M O - 4E SUMMARY **

   
   HVOI=  0.0 HTFU= 1466.0 HTMO=  568.8 HTCO=  568.8 HBOR=    0.0
   NO VOID    TFU    TMO    TCO    BOR ROD   BURNUP   K-INF   K-INF     M2     PIN   U-235 FISS PU  TOT PU
                                             MWD/KG             TWO-GROUP     PEAK    WT %    WT %    WT %
    1  0.0 1466.0  568.8  568.8    0.0        0.000 1.03283 1.03284  58.71   1.417   4.419   0.000   0.000  
    2                                         0.100 1.00989 1.00990  58.39   1.410   4.407   0.002   0.002  
    3                                         0.500 1.00830 1.00830  58.38   1.403   4.359   0.020   0.021  
    4                                         1.000 1.01069 1.01070  58.42   1.394   4.301   0.044   0.045  
    5                                         1.500 1.01400 1.01402  58.48   1.385   4.243   0.067   0.068  
    6                                         2.000 1.01740 1.01742  58.54   1.377   4.186   0.088   0.091  
    7                                         2.500 1.02074 1.02076  58.61   1.368   4.130   0.109   0.113  
    8                                         3.000 1.02402 1.02404  58.67   1.360   4.075   0.128   0.135  
    9                                         3.500 1.02732 1.02734  58.74   1.351   4.021   0.147   0.156  
   10                                         4.000 1.03068 1.03070  58.81   1.342   3.967   0.165   0.176  
   11                                         4.500 1.03416 1.03418  58.88   1.333   3.914   0.183   0.196  
   12                                         5.000 1.03778 1.03780  58.96   1.324   3.862   0.199   0.215  
   13                                         5.500 1.04154 1.04157  59.03   1.315   3.810   0.215   0.234  
   14                                         6.000 1.04547 1.04549  59.11   1.306   3.759   0.231   0.252  
   15                                         6.500 1.04958 1.04960  59.20   1.297   3.709   0.245   0.269  
   16                                         7.000 1.05388 1.05390  59.28   1.290   3.659   0.260   0.287  
   17                                         7.500 1.05840 1.05841  59.38   1.283   3.610   0.273   0.303  
   18                                         8.000 1.06315 1.06316  59.47   1.275   3.561   0.286   0.320  
   19                                         8.500 1.06816 1.06815  59.57   1.268   3.513   0.299   0.335  
   20                                         9.000 1.07342 1.07341  59.67   1.261   3.465   0.311   0.351  
   21                                         9.500 1.07897 1.07894  59.78   1.254   3.418   0.323   0.366  
   22                                        10.000 1.08481 1.08476  59.89   1.247   3.371   0.334   0.380  
   23                                        10.500 1.09091 1.09084  60.00   1.240   3.325   0.344   0.395  
   24                                        11.000 1.09722 1.09712  60.12   1.232   3.279   0.355   0.408  
   25                                        11.500 1.10360 1.10347  60.24   1.224   3.233   0.365   0.422  
   26                                        12.000 1.10995 1.10979  60.36   1.216   3.188   0.374   0.435  
   27                                        12.500 1.11616 1.11597  60.48   1.207   3.144   0.383   0.447  
   28                                        13.000 1.12209 1.12187  60.59   1.198   3.100   0.391   0.460  
   29                                        13.500 1.12761 1.12736  60.70   1.189   3.056   0.400   0.472  
   30                                        14.000 1.13260 1.13230  60.80   1.179   3.012   0.408   0.483  
   31                                        14.500 1.13698 1.13665  60.89   1.170   2.969   0.415   0.495  
   32                                        15.000 1.14069 1.14033  60.97   1.161   2.926   0.422   0.506  
   33                                        15.500 1.14372 1.14333  61.05   1.152   2.884   0.429   0.517  
   34                                        16.000 1.14604 1.14563  61.11   1.145   2.842   0.436   0.527  
   35                                        16.500 1.14765 1.14722  61.16   1.137   2.800   0.442   0.537  
   36                                        17.000 1.14853 1.14808  61.21   1.131   2.759   0.448   0.547  
   37                                        17.500 1.14873 1.14828  61.25   1.125   2.718   0.454   0.557  
   38                                        18.000 1.14830 1.14784  61.27   1.119   2.677   0.460   0.567  
   39                                        18.500 1.14727 1.14681  61.30   1.114   2.637   0.465   0.576  
   40                                        19.000 1.14570 1.14524  61.31   1.110   2.597   0.471   0.586  
   41                                        19.500 1.14363 1.14318  61.32   1.108   2.558   0.476   0.595  
   42                                        20.000 1.14113 1.14069  61.32   1.107   2.518   0.481   0.604  
   43                                        20.500 1.13825 1.13782  61.31   1.105   2.479   0.485   0.612  
   44                                        21.000 1.13504 1.13463  61.31   1.104   2.441   0.490   0.621  
   45                                        21.500 1.13154 1.13115  61.29   1.103   2.402   0.494   0.629  
   46                                        22.000 1.12781 1.12743  61.28   1.102   2.365   0.498   0.637  
   47                                        22.500 1.12388 1.12352  61.26   1.101   2.327   0.502   0.646  
   48                                        23.000 1.11980 1.11946  61.25   1.100   2.290   0.506   0.654  
   49                                        23.500 1.11562 1.11530  61.23   1.099   2.253   0.510   0.661  
   50                                        24.000 1.11136 1.11106  61.21   1.098   2.216   0.513   0.669  
   51                                        24.500 1.10705 1.10677  61.19   1.097   2.180   0.517   0.677  
   52                                        25.000 1.10271 1.10245  61.16   1.096   2.144   0.520   0.684  
   53                                        25.500 1.09835 1.09811  61.14   1.095   2.109   0.523   0.691  
   54                                        26.000 1.09399 1.09377  61.12   1.094   2.073   0.527   0.699  
   55                                        26.500 1.08962 1.08941  61.10   1.093   2.038   0.530   0.706  
   56                                        27.000 1.08525 1.08506  61.08   1.092   2.004   0.532   0.713  
   57                                        27.500 1.08089 1.08072  61.06   1.092   1.970   0.535   0.719  
   58                                        28.000 1.07653 1.07637  61.04   1.091   1.936   0.538   0.726  
   59                                        28.500 1.07218 1.07203  61.02   1.090   1.902   0.540   0.733  
   60                                        29.000 1.06783 1.06770  61.00   1.089   1.869   0.542   0.739  
   61                                        29.500 1.06349 1.06337  60.98   1.088   1.836   0.545   0.746  
   62                                        30.000 1.05915 1.05905  60.96   1.087   1.804   0.547   0.752  


 RUN TERMINATED.  2  WARNING(S) ENCOUNTERED
   0  FATAL ERROR(S),     2  WARNING(S)
   0  USAGE NOTE(S),      0  CAUTION(S)


                   Neutron Calculation                         
 Memory Use        Allocated       Used                         
 A Array            14000000    5064887
 B Array             4000000     297651
                    --------    -------
 Total Words        18000000    5362538
 Total Mwords           18.0        5.4
 Total Mbytes           72.0       21.5

 Run Started     (Date,Time):  2017/11/17   13:59:05  
 Run Completed   (Date,Time):  2017/11/17   14:01:23  
 Total Wall Time Used       :               00:02:18
 Total CPU  Time Used       :               00:02:04   CPU Utilization:   89%
 Files:
 Input                      :  lower_guide_assembly.inp
 Output                     :  ./lower_guide_assembly.out
 Card Image                 :  ./lower_guide_assembly.cax
 *********************************
 *  CASMO-4E NORMAL TERMINATION  *
 *     -WARNINGS ENCOUNTERED-    *
 *********************************
C-4E Complete....
