 Reserving general partition A  with:   14.0 Mwords (default)
 Reserving neutron partition B1 with:    4.0 Mwords (default)
 Reserving gamma   partition B2 with:    4.0 Mwords (default)
 Total allocation                   :   18.0 Mwords (A+B1)
 CASMO library identified as E6 0200 UPDATE D
 __________________________________________________________________________________________
 * C A S M O - 4E 1.00.02 REV:00 CREATED:2012/05/08 STUDSVIK * EXECUTED 2017/11/14 12:13:29

 This source code includes the following optional modules:
      1 - CASMO-4E (CASMO-4 Extended Version).
      2 - MxN extended multi-assembly module present.
      3 - Hexagonal module present.
      4 - CLU/AGR module present.
      5 - PSC Tiff/PostScript capability active.
      6 - Azimuthal depletion model present.
      7 - FSS/FSC model present.
      8 - Extra cards present.
      9 - Pn higher order scattering model present.
     10 - DIA Rotated water hole model present.
     11 - CCR Extended C.R. model present.

       LIST OF USER FILES
       ******************
 EXECUTABLE FILE               /cm/shared/apps/ncsu/CasmoSimulate/libexec/studsvik/casmo4e/casmo4e-u1.00.02/casmo4e.exe
 NEUTRON DATA LIBRARY FILE     /cm/shared/apps/ncsu/CasmoSimulate/lib/studsvik/casmo4e/e60200
 GAMMA DATA LIBRARY FILE       /cm/shared/apps/ncsu/CasmoSimulate/lib/studsvik/casmo4e/galb418
 INPUT FILE                    top_lattice.inp
 OUTPUT LIST FILE              ./top_lattice.out
 CARD IMAGE FILE (SEG1)        ./top_lattice.cax
 
 [WARNING] IN INP_PIN             CAN in a non-fuel pin detected -BOX is recommended for pin # 3
 [WARNING] IN EDTFTD              Non-default neutron data library is attached.

   ** C A S M O - 4E SUMMARY **

   
   HVOI= 65.0 HTFU=  701.4 HTMO=  586.3 HTCO=  586.3 HBOR=    0.0
   NO VOID    TFU    TMO    TCO    BOR ROD   BURNUP   K-INF   K-INF     M2     PIN   U-235 FISS PU  TOT PU
                                             MWD/KG             TWO-GROUP     PEAK    WT %    WT %    WT %
    1 65.0  701.4  586.3  586.3    0.0        0.000 0.87472 0.87452 134.28   1.173   0.710   0.000   0.000  
    2                                         0.100 0.84950 0.84910 132.85   1.179   0.699   0.005   0.005  
    3                                         0.500 0.87115 0.87081 132.08   1.194   0.657   0.046   0.047  
    4                                         1.000 0.88969 0.88939 131.31   1.207   0.613   0.090   0.096  
    5                                         1.500 0.89905 0.89876 130.66   1.215   0.573   0.125   0.138  
    6                                         2.000 0.90359 0.90330 130.10   1.218   0.539   0.155   0.175  
    7                                         2.500 0.90541 0.90512 129.62   1.220   0.507   0.181   0.209  
    8                                         3.000 0.90559 0.90528 129.20   1.221   0.478   0.204   0.240  
    9                                         3.500 0.90474 0.90441 128.82   1.221   0.451   0.223   0.269  
   10                                         4.000 0.90321 0.90286 128.49   1.220   0.426   0.241   0.295  
   11                                         4.500 0.90122 0.90084 128.18   1.219   0.403   0.257   0.320  
   12                                         5.000 0.89891 0.89851 127.90   1.218   0.382   0.272   0.344  
   13                                         5.500 0.89638 0.89596 127.64   1.217   0.362   0.285   0.366  
   14                                         6.000 0.89370 0.89326 127.40   1.215   0.343   0.297   0.387  
   15                                         6.500 0.89093 0.89046 127.18   1.214   0.325   0.308   0.406  
   16                                         7.000 0.88810 0.88760 126.97   1.213   0.309   0.319   0.425  
   17                                         7.500 0.88523 0.88470 126.77   1.212   0.293   0.328   0.444  
   18                                         8.000 0.88235 0.88180 126.58   1.210   0.278   0.337   0.461  
   19                                         8.500 0.87948 0.87889 126.40   1.209   0.264   0.345   0.477  
   20                                         9.000 0.87662 0.87601 126.23   1.208   0.251   0.353   0.493  
   21                                         9.500 0.87379 0.87315 126.07   1.207   0.239   0.360   0.509  
   22                                        10.000 0.87098 0.87032 125.91   1.207   0.227   0.367   0.523  
   23                                        10.500 0.86822 0.86753 125.76   1.206   0.216   0.373   0.538  
   24                                        11.000 0.86551 0.86478 125.62   1.205   0.205   0.379   0.551  
   25                                        11.500 0.86284 0.86209 125.48   1.205   0.195   0.385   0.565  
   26                                        12.000 0.86022 0.85944 125.34   1.204   0.186   0.390   0.577  
   27                                        12.500 0.85765 0.85685 125.21   1.204   0.177   0.395   0.590  
   28                                        13.000 0.85514 0.85431 125.09   1.203   0.169   0.400   0.602  
   29                                        13.500 0.85268 0.85182 124.97   1.203   0.160   0.405   0.613  
   30                                        14.000 0.85028 0.84940 124.85   1.203   0.153   0.409   0.625  
   31                                        14.500 0.84793 0.84702 124.74   1.202   0.146   0.413   0.636  
   32                                        15.000 0.84564 0.84471 124.63   1.202   0.139   0.417   0.646  
   33                                        15.500 0.84340 0.84244 124.52   1.202   0.132   0.421   0.657  
   34                                        16.000 0.84122 0.84024 124.42   1.202   0.126   0.424   0.667  
   35                                        16.500 0.83909 0.83808 124.32   1.202   0.120   0.428   0.677  
   36                                        17.000 0.83701 0.83598 124.22   1.202   0.114   0.431   0.686  
   37                                        17.500 0.83499 0.83393 124.13   1.202   0.109   0.434   0.695  
   38                                        18.000 0.83301 0.83194 124.03   1.202   0.104   0.437   0.705  
   39                                        18.500 0.83109 0.82999 123.94   1.202   0.099   0.440   0.713  
   40                                        19.000 0.82922 0.82810 123.86   1.202   0.095   0.443   0.722  
   41                                        19.500 0.82740 0.82626 123.77   1.202   0.090   0.446   0.730  
   42                                        20.000 0.82562 0.82446 123.69   1.202   0.086   0.448   0.739  
   43                                        20.500 0.82388 0.82270 123.61   1.203   0.082   0.451   0.747  
   44                                        21.000 0.82219 0.82098 123.53   1.203   0.079   0.453   0.755  
   45                                        21.500 0.82053 0.81931 123.46   1.203   0.075   0.455   0.762  
   46                                        22.000 0.81891 0.81767 123.39   1.203   0.072   0.458   0.770  
   47                                        22.500 0.81733 0.81607 123.31   1.203   0.068   0.460   0.777  
   48                                        23.000 0.81578 0.81451 123.24   1.203   0.065   0.462   0.785  
   49                                        23.500 0.81427 0.81298 123.18   1.204   0.062   0.464   0.792  
   50                                        24.000 0.81280 0.81148 123.11   1.204   0.060   0.466   0.799  
   51                                        24.500 0.81135 0.81002 123.04   1.204   0.057   0.468   0.805  
   52                                        25.000 0.80994 0.80859 122.98   1.204   0.054   0.470   0.812  
   53                                        25.500 0.80855 0.80719 122.92   1.204   0.052   0.472   0.819  
   54                                        26.000 0.80720 0.80582 122.86   1.205   0.050   0.473   0.825  
   55                                        26.500 0.80587 0.80448 122.80   1.205   0.047   0.475   0.831  
   56                                        27.000 0.80457 0.80316 122.74   1.205   0.045   0.477   0.838  
   57                                        27.500 0.80330 0.80188 122.68   1.205   0.043   0.478   0.844  
   58                                        28.000 0.80205 0.80062 122.63   1.205   0.041   0.480   0.850  
   59                                        28.500 0.80083 0.79938 122.58   1.206   0.040   0.481   0.855  
   60                                        29.000 0.79963 0.79817 122.52   1.206   0.038   0.483   0.861  
   61                                        29.500 0.79846 0.79698 122.47   1.206   0.036   0.484   0.867  
   62                                        30.000 0.79731 0.79581 122.42   1.206   0.035   0.486   0.872  


 RUN TERMINATED.  2  WARNING(S) ENCOUNTERED
   0  FATAL ERROR(S),     2  WARNING(S)
   0  USAGE NOTE(S),      0  CAUTION(S)


                   Neutron Calculation                         
 Memory Use        Allocated       Used                         
 A Array            14000000    4498447
 B Array             4000000     234456
                    --------    -------
 Total Words        18000000    4732903
 Total Mwords           18.0        4.7
 Total Mbytes           72.0       18.9

 Run Started     (Date,Time):  2017/11/14   12:13:29  
 Run Completed   (Date,Time):  2017/11/14   12:14:34  
 Total Wall Time Used       :               00:01:05
 Total CPU  Time Used       :               00:00:56   CPU Utilization:   86%
 Files:
 Input                      :  top_lattice.inp
 Output                     :  ./top_lattice.out
 Card Image                 :  ./top_lattice.cax
 *********************************
 *  CASMO-4E NORMAL TERMINATION  *
 *     -WARNINGS ENCOUNTERED-    *
 *********************************
C-4E Complete....
